<?xml version="1.0" encoding="UTF-8"?>
<testsuite xmlns:xsi="http://www.w3.org/2001/XMLSchema-instance" xsi:noNamespaceSchemaLocation="https://maven.apache.org/surefire/maven-surefire-plugin/xsd/surefire-test-report-3.0.xsd" version="3.0" name="com.shivaprasad.wishlist.WishlistApplicationTests" time="4.135" tests="1" errors="0" skipped="0" failures="0">
  <properties>
[...]
</properties>
  <testcase name="contextLoads" classname="com.shivaprasad.wishlist.WishlistApplicationTests" time="1.325">
    <system-out><![CDATA[15:46:24.686 [main] INFO org.springframework.test.context.support.AnnotationConfigContextLoaderUtils -- Could not detect default configuration classes for test class [com.shivaprasad.wishlist.WishlistApplicationTests]: WishlistApplicationTests does not declare any static, non-private, non-final, nested classes annotated with @Configuration.
15:46:24.859 [main] INFO org.springframework.boot.test.context.SpringBootTestContextBootstrapper -- Found @SpringBootConfiguration com.shivaprasad.wishlist.WishlistApplication for test class com.shivaprasad.wishlist.WishlistApplicationTests
15:46:25.074 [main] INFO org.springframework.boot.devtools.restart.RestartApplicationListener -- Restart disabled due to context in which it is running

  .   ____          _            __ _ _
 /\\ / ___'_ __ _ _(_)_ __  __ _ \ \ \ \
( ( )\___ | '_ | '_| | '_ \/ _` | \ \ \ \
 \\/  ___)| |_)| | | | | || (_| |  ) ) ) )
  '  |____| .__|_| |_|_| |_\__, | / / / /
 =========|_|==============|___/=/_/_/_/
 :: Spring Boot ::                (v3.1.5)

2023-10-25T15:46:25.437+05:30  INFO 4848 --- [           main] c.s.wishlist.WishlistApplicationTests    : Starting WishlistApplicationTests using Java 17.0.8 with PID 4848 (started by vshiv in C:\Users\vshiv\OneDrive\Desktop\wishlist)
2023-10-25T15:46:25.439+05:30  INFO 4848 --- [           main] c.s.wishlist.WishlistApplicationTests    : No active profile set, falling back to 1 default profile: "default"
2023-10-25T15:46:27.218+05:30  INFO 4848 --- [           main] c.s.wishlist.WishlistApplicationTests    : Started WishlistApplicationTests in 2.161 seconds (process running for 3.529)
]]></system-out>
  </testcase>
</testsuite>